<?xml version="1.0" encoding="UTF-8"?>
<!-- Generated by org.testng.reporters.JUnitReportReporter -->
<testsuite hostname="DESKTOP-ASVD3LO" failures="0" tests="2" name="tests.LoginPageTests" time="6.942" errors="0" timestamp="2023-12-11T11:53:25 IST" skipped="0">
  <testcase classname="tests.LoginPageTests" name="loginPage_verifyLoginPageTitle" time="3.304"/>
  <testcase classname="tests.LoginPageTests" name="loginPage_verifyLogin" time="3.638"/>
</testsuite> <!-- tests.LoginPageTests -->
