<?xml version="1.0" encoding="UTF-8"?>
<!-- Generated by org.testng.reporters.JUnitReportReporter -->
<testsuite hostname="DESKTOP-ASVD3LO" failures="0" tests="4" name="tests.HomePageTests" time="35.480" errors="0" timestamp="2023-12-11T11:53:25 IST" skipped="0">
  <testcase classname="tests.HomePageTests" name="homePage_VerifyPageTitle" time="4.710"/>
  <testcase classname="tests.HomePageTests" name="homePage_VerifyChangeCurrencyToEuro" time="3.658"/>
  <testcase classname="tests.HomePageTests" name="homePage_VerifySearchForIphone" time="3.454"/>
  <testcase classname="tests.HomePageTests" name="homePage_VerifyShoppingCart" time="23.658"/>
</testsuite> <!-- tests.HomePageTests -->
